# JRE version: OpenJDK Runtime Environment (11.0.12) (build 11.0.12+0-b1504.28-7817840)
# Java VM: OpenJDK 64-Bit Server VM (11.0.12+0-b1504.28-7817840, mixed mode, tiered, compressed oops, g1 gc, linux-amd64)
Heap:
 garbage-first heap   total 781312K, used 356990K [0x00000000a0000000, 0x0000000100000000)
  region size 1024K, 6 young (6144K), 6 survivors (6144K)
 Metaspace       used 139020K, capacity 142847K, committed 143552K, reserved 1173504K
  class space    used 17346K, capacity 18764K, committed 19020K, reserved 1048576K
GC Heap History (20 events):
Event: 1898.652 GC heap after
{Heap after GC invocations=69 (full 0):
 garbage-first heap   total 317440K, used 200084K [0x00000000a0000000, 0x0000000100000000)
  region size 1024K, 4 young (4096K), 4 survivors (4096K)
 Metaspace       used 137599K, capacity 141551K, committed 141760K, reserved 1173504K
  class space    used 17199K, capacity 18692K, committed 18764K, reserved 1048576K
}
Event: 1899.199 GC heap before
{Heap before GC invocations=69 (full 0):
 garbage-first heap   total 318464K, used 315796K [0x00000000a0000000, 0x0000000100000000)
  region size 1024K, 37 young (37888K), 4 survivors (4096K)
 Metaspace       used 138162K, capacity 141997K, committed 142656K, reserved 1173504K
  class space    used 17212K, capacity 18640K, committed 18892K, reserved 1048576K
}
Event: 1899.214 GC heap after
{Heap after GC invocations=70 (full 0):
 garbage-first heap   total 327680K, used 242177K [0x00000000a0000000, 0x0000000100000000)
  region size 1024K, 9 young (9216K), 9 survivors (9216K)
 Metaspace       used 138162K, capacity 141997K, committed 142656K, reserved 1173504K
  class space    used 17212K, capacity 18640K, committed 18892K, reserved 1048576K
}
Event: 1899.382 GC heap before
{Heap before GC invocations=71 (full 0):
 garbage-first heap   total 327680K, used 283137K [0x00000000a0000000, 0x0000000100000000)
  region size 1024K, 45 young (46080K), 9 survivors (9216K)
 Metaspace       used 138181K, capacity 142062K, committed 142656K, reserved 1173504K
  class space    used 17212K, capacity 18640K, committed 18892K, reserved 1048576K
}
Event: 1899.422 GC heap after
{Heap after GC invocations=72 (full 0):
 garbage-first heap   total 327680K, used 260736K [0x00000000a0000000, 0x0000000100000000)
  region size 1024K, 6 young (6144K), 6 survivors (6144K)
 Metaspace       used 138181K, capacity 142062K, committed 142656K, reserved 1173504K
  class space    used 17212K, capacity 18640K, committed 18892K, reserved 1048576K
}
Event: 1899.461 GC heap before
{Heap before GC invocations=72 (full 0):
 garbage-first heap   total 327680K, used 272000K [0x00000000a0000000, 0x0000000100000000)
  region size 1024K, 16 young (16384K), 6 survivors (6144K)
 Metaspace       used 138181K, capacity 142062K, committed 142656K, reserved 1173504K
  class space    used 17212K, capacity 18640K, committed 18892K, reserved 1048576K
}
Event: 1899.508 GC heap after
{Heap after GC invocations=73 (full 0):
 garbage-first heap   total 327680K, used 256512K [0x00000000a0000000, 0x0000000100000000)
  region size 1024K, 2 young (2048K), 2 survivors (2048K)
 Metaspace       used 138181K, capacity 142062K, committed 142656K, reserved 1173504K
  class space    used 17212K, capacity 18640K, committed 18892K, reserved 1048576K
}
Event: 1899.528 GC heap before
{Heap before GC invocations=73 (full 0):
 garbage-first heap   total 327680K, used 261632K [0x00000000a0000000, 0x0000000100000000)
  region size 1024K, 8 young (8192K), 2 survivors (2048K)
 Metaspace       used 138181K, capacity 142062K, committed 142656K, reserved 1173504K
  class space    used 17212K, capacity 18640K, committed 18892K, reserved 1048576K
}
Event: 1899.553 GC heap after
{Heap after GC invocations=74 (full 0):
 garbage-first heap   total 327680K, used 260608K [0x00000000a0000000, 0x0000000100000000)
  region size 1024K, 3 young (3072K), 3 survivors (3072K)
 Metaspace       used 138181K, capacity 142062K, committed 142656K, reserved 1173504K
  class space    used 17212K, capacity 18640K, committed 18892K, reserved 1048576K
}
Event: 1899.609 GC heap before
{Heap before GC invocations=74 (full 0):
 garbage-first heap   total 327680K, used 278016K [0x00000000a0000000, 0x0000000100000000)
  region size 1024K, 17 young (17408K), 3 survivors (3072K)
 Metaspace       used 138206K, capacity 142065K, committed 142656K, reserved 1173504K
  class space    used 17215K, capacity 18641K, committed 18892K, reserved 1048576K
}
Event: 1899.632 GC heap after
{Heap after GC invocations=75 (full 0):
 garbage-first heap   total 327680K, used 269588K [0x00000000a0000000, 0x0000000100000000)
  region size 1024K, 3 young (3072K), 3 survivors (3072K)
 Metaspace       used 138206K, capacity 142065K, committed 142656K, reserved 1173504K
  class space    used 17215K, capacity 18641K, committed 18892K, reserved 1048576K
}
Event: 1899.789 GC heap before
{Heap before GC invocations=75 (full 0):
 garbage-first heap   total 327680K, used 281876K [0x00000000a0000000, 0x0000000100000000)
  region size 1024K, 16 young (16384K), 3 survivors (3072K)
 Metaspace       used 138971K, capacity 142794K, committed 143296K, reserved 1173504K
  class space    used 17379K, capacity 18821K, committed 19020K, reserved 1048576K
}
Event: 1899.809 GC heap after
{Heap after GC invocations=76 (full 0):
 garbage-first heap   total 506880K, used 276426K [0x00000000a0000000, 0x0000000100000000)
  region size 1024K, 2 young (2048K), 2 survivors (2048K)
 Metaspace       used 138971K, capacity 142794K, committed 143296K, reserved 1173504K
  class space    used 17379K, capacity 18821K, committed 19020K, reserved 1048576K
}
Event: 1900.370 GC heap before
{Heap before GC invocations=76 (full 0):
 garbage-first heap   total 506880K, used 346058K [0x00000000a0000000, 0x0000000100000000)
  region size 1024K, 75 young (76800K), 2 survivors (2048K)
 Metaspace       used 139019K, capacity 142847K, committed 143552K, reserved 1173504K
  class space    used 17346K, capacity 18764K, committed 19020K, reserved 1048576K
}
Event: 1900.447 GC heap after
{Heap after GC invocations=77 (full 0):
 garbage-first heap   total 506880K, used 311277K [0x00000000a0000000, 0x0000000100000000)
  region size 1024K, 10 young (10240K), 10 survivors (10240K)
 Metaspace       used 139019K, capacity 142847K, committed 143552K, reserved 1173504K
  class space    used 17346K, capacity 18764K, committed 19020K, reserved 1048576K
}
Event: 1900.757 GC heap before
{Heap before GC invocations=78 (full 0):
 garbage-first heap   total 506880K, used 375789K [0x00000000a0000000, 0x0000000100000000)
  region size 1024K, 70 young (71680K), 10 survivors (10240K)
 Metaspace       used 139020K, capacity 142847K, committed 143552K, reserved 1173504K
  class space    used 17346K, capacity 18764K, committed 19020K, reserved 1048576K
}
Event: 1900.866 GC heap after
{Heap after GC invocations=79 (full 0):
 garbage-first heap   total 506880K, used 348160K [0x00000000a0000000, 0x0000000100000000)
  region size 1024K, 9 young (9216K), 9 survivors (9216K)
 Metaspace       used 139020K, capacity 142847K, committed 143552K, reserved 1173504K
  class space    used 17346K, capacity 18764K, committed 19020K, reserved 1048576K
}
Event: 1900.939 GC heap before
{Heap before GC invocations=79 (full 0):
 garbage-first heap   total 506880K, used 363520K [0x00000000a0000000, 0x0000000100000000)
  region size 1024K, 24 young (24576K), 9 survivors (9216K)
 Metaspace       used 139020K, capacity 142847K, committed 143552K, reserved 1173504K
  class space    used 17346K, capacity 18764K, committed 19020K, reserved 1048576K
}
Event: 1901.004 GC heap after
{Heap after GC invocations=80 (full 0):
 garbage-first heap   total 506880K, used 354048K [0x00000000a0000000, 0x0000000100000000)
  region size 1024K, 3 young (3072K), 3 survivors (3072K)
 Metaspace       used 139020K, capacity 142847K, committed 143552K, reserved 1173504K
  class space    used 17346K, capacity 18764K, committed 19020K, reserved 1048576K
}
Event: 1901.024 GC heap before
{Heap before GC invocations=80 (full 0):
 garbage-first heap   total 506880K, used 359168K [0x00000000a0000000, 0x0000000100000000)
  region size 1024K, 9 young (9216K), 3 survivors (3072K)
 Metaspace       used 139020K, capacity 142847K, committed 143552K, reserved 1173504K
  class space    used 17346K, capacity 18764K, committed 19020K, reserved 1048576K
}

